<?xml version="1.0" encoding="UTF-8"?>
<testsuite xmlns:xsi="http://www.w3.org/2001/XMLSchema-instance" xsi:noNamespaceSchemaLocation="https://maven.apache.org/surefire/maven-surefire-plugin/xsd/surefire-test-report.xsd" name="RunCucumberTest" time="5.887" tests="6" errors="0" skipped="0" failures="0">
  <properties>
[...]
</properties>
  <testcase name="Make posts to server and check response code and title #1" classname="Validating Jsonplaceholder API" time="3.184"/>
  <testcase name="Make posts to server and check response code and title #2" classname="Validating Jsonplaceholder API" time="0.265"/>
  <testcase name="Make posts to server and check response code and title #3" classname="Validating Jsonplaceholder API" time="0.258"/>
  <testcase name="Call users end point and check response code" classname="Validating Jsonplaceholder API" time="0.127"/>
  <testcase name="Call users end point and check first user" classname="Validating Jsonplaceholder API" time="0.122"/>
  <testcase name="Search for users with username Delphine" classname="Validating Jsonplaceholder API" time="0.259"/>
</testsuite>